info it worked if it ends with ok
verbose cli [ '/home/cloud9/c9/support/node-c9-builds-v4/node-c9-sunos',
verbose cli   '/home/ide_eboudrant/workspaces/npm/bin/npm.js',
verbose cli   'install',
verbose cli   'mongodb' ]
info using npm@1.0.1rc6
info using node@v0.4.5
verbose config file /home/cloud9/.npmrc
verbose config file /home/cloud9/c9/support/etc/npmrc
info into /mnt/ws/users/eboudrant/47696 [ 'mongodb' ]
verbose cache add [ 'mongodb', null ]
info addNamed [ 'mongodb', '' ]
verbose addNamed [ null, '' ]
verbose GET mongodb
verbose raw, before any munging mongodb
verbose url resolving [ 'http://registry.npmjs.org/', './mongodb' ]
verbose url resolved http://registry.npmjs.org/mongodb
verbose url parsed { protocol: 'http:',
verbose url parsed   slashes: true,
verbose url parsed   host: 'registry.npmjs.org',
verbose url parsed   hostname: 'registry.npmjs.org',
verbose url parsed   pathname: '/mongodb',
verbose url parsed   href: 'http://registry.npmjs.org/mongodb' }
verbose response http://registry.npmjs.org/mongodb
silly chunk {"_id":"mongodb","_rev":"68-aed8bea51e2f02c33e1b2977952dd767","name":"mongodb","description":"A node.js driver for MongoDB","dist-tags":{"latest":"0.9.4-5","stable":"0.9.4-5"},"versions":{"0.7.9":{"name":"mongodb","description":"A node.js driver for MongoDB","version":"0.7.9","author":{"name":"Christian Amor Kvalheim","email":"christkv@gmail.com"},"contributors":[{"name":"Nathan White","email":"nw@nwhite.net"},{"name":"Adam Wiggins","email":"adam@heroku.com"},{"name":"Ian Millington","email":"idmillington@googlemail.com"},{"name":"Aaron Heckmann","email":"aaron.heckmann+github@gmail.com"},{"name":"Ciaran Jessup","email":"ciaranj@gmail.com"},{"name":"Christoph Pojer"},{"name":"Erik Abele"},{"name":"Henrik Johansson","email":"dahankzter@gmail.com"}],"repository":{"type":"git","url":"http://github.com/christkv/node-mongodb-native.git"},"bugs":{"mail":"node-mongodb-native@googlegroups.com","web":"http://github.com/christkv/node-mongodb-native/issues"},"os":["linux","darwin","freebsd"],"main":"./lib/mongodb/index","directories":{"lib":"./lib/mongodb"},"engines":{"node":">=0.1.97"},"licenses":[{"type":"Apache License, Version 2.0","url":"http://www.apache.org/licenses/LICENSE-2.0"}],"_id":"mongodb@0.7.9","_nodeSupported":true,"_npmVersion":"0.2.7-2","_nodeVersion":"v0.3.1-pre","dist":{"tarball":"http://registry.npmjs.org/mongodb/-/mongodb-0.7.9.tgz"}},"0.9.0":{"name":"mongodb","description":"A node.js driver for MongoDB","version":"0.9.0","au
silly chunk thor":{"name":"Christian Amor Kvalheim","email":"christkv@gmail.com"},"contributors":[{"name":"Nathan White","email":"nw@nwhite.net"},{"name":"Adam Wiggins","email":"adam@heroku.com"},{"name":"Ian Millington","email":"idmillington@googlemail.com"},{"name":"Aaron Heckmann","email":"aaron.heckmann+github@gmail.com"},{"name":"Ciaran Jessup","email":"ciaranj@gmail.com"},{"name":"Christoph Pojer"},{"name":"Erik Abele"},{"name":"Henrik Johansson","email":"dahankzter@gmail.com"}],"repository":{"type":"git","url":"git://github.com/christkv/node-mongodb-native.git"},"bugs":{"email":"node-mongodb-native@googlegroups.com","url":"http://github.com/christkv/node-mongodb-native/issues"},"os":["linux","darwin","freebsd"],"main":"./lib/mongodb/index","directories":{"lib":"./lib/mongodb"},"engines":{"node":">=0.4.0"},"scripts":{"install":"make total"},"licenses":[{"type":"Apache License, Version 2.0","url":"http://www.apache.org/licenses/LICENSE-2.0"}],"_id":"mongodb@0.9.0","_engineSupported":true,"_npmVersion":"0.3.9","_nodeVersion":"v0.4.1","files":[""],"_defaultsLoaded":true,"dist":{"shasum":"6eb818a11b4dcbe48976184aec26e908c1a69fc7","tarball":"http://registry.npmjs.org/mongodb/-/mongodb-0.9.0.tgz"}},"0.9.1":{"name":"mongodb","description":"A node.js driver for MongoDB","version":"0.9.1","author":{"name":"Christian Amor Kvalheim","email":"christkv@gmail.com"},"contributors":[{"name":"Nathan White","email":"nw@nwhite.net"},{"name":"Adam Wiggins","email":"adam@heroku.com"},{"name":"Ian Millington","email":"idmillington@googlemail.com"},{"name":"Aaron Heckmann","email":"aaron.heckmann+github@gmail.com"},{"name":"Ciaran Jessup","email":"ciaranj@gmail.com"},{"name":"Christoph Pojer"},{"name":"Erik Abele"},{"name":"Henrik Johansson","email":"dahankzter@gmail.com"}],"repository":{"type":"git","url":"git://github.com/christkv/node-mongodb-native.git"},"bugs":{"email":"node-mongodb-native@googlegroups.com","url":"http://github.com/christkv/node-mongodb-native/issues"},"os":["linux","darwin","freebsd"],"main":"./lib/mongodb/index","directories":{"lib":"./lib/mongodb"},"engines":{"node":">=0.4.0"},"scripts":{"install":"./install.sh"},"licenses":[{"type":"Apache License, Version 2.0","url":"http://www.apache.org/licenses/LICENSE-2.0"}],"_id":"mongodb@0.9.1","_engineSupported":true,"_npmVersion":"0.3.9","_nodeVersion":"v0.4.1","files":[""],"_defaultsLoaded":true,"dist":{"shasum":"0b4c97289d9c88fc726a9993a8632d2ebe3284d6","tarball":"http://registry.npmjs.org/mongodb/-/mongodb-0.9.1.tgz"}},"0.9.2":{"name":"mongodb","description":"A node.js driver for MongoDB","version":"0.9.2","author":{"name":"Christian Amor Kvalheim","email":"christkv@gmail.com"},"contributors":[{"name":"Nathan White","email":"nw@nwhite.net"},{"name":"Adam Wiggins","email":"adam@heroku.com"},{"name":"Ian Millington","email":"idmillington@googlemail.com"},{"name":"Aaron Heckmann","email":"aaron.heckmann+github@gmail.com"},{"name":"Ciaran Jessup","email":"ciaranj@gmail.com"},{"name":"Christoph Pojer"},{"name":"Erik Abele"},{"name":"Henrik Johansson","email":"dahankzter@gmail.com"}],"repository":{"type":"git","url":"git://github.com/christkv/node-mongodb-native.git"},"bugs":{"email":"node-mongodb-native@googlegroups.com","url":"http://github.com/christkv/node-mongodb-native/issues"},"os":["linux","darwin","freebsd"],"main":"./lib/mongodb/index","directories":{"lib":"./lib/mongodb"},"engines":{"node":">=0.4.0"},"scripts":{"install":"./install.sh"},"licenses":[{"type":"Apache License, Version 2.0","url":"http://www.apache.org/licenses/LICENSE-2.0"}],"_id":"mongodb@0.9.2","_engineSupported":true,"_npmVersion":"0.3.9","_nodeVersion":"v0.4.2","files":[""],"_defaultsLoaded":true,"dist":{"shasum":"a6563e371dc8019ac32e1ea8ed2ef4334c230c1d","tarball":"http://registry.npmjs.org/mongodb/-/mongodb-0.9.2.tgz","bin":{"0.4-sunos-5.11":{"shasum":"ea4afdca4f1713bfbed344857b4ddce4d3039ce4","tarball":"http://registry.npmjs.org/mongodb/-/mongodb-0.9.2-0.4-sunos-5.11.tgz"}}}},"0.9.3":{"name":"mongodb","description":"A node.js driver for MongoDB","version":"0.9.3","author":{"name":"Christian Amor Kvalheim","email":"christkv@gmail.com"},"contributors":[{"name":"Nathan White","email":"nw@nwhite.net"},{"name":"Adam Wiggins","email":"adam@heroku.com"},{"name":"Ian Millington","email":"idmillington@googlemail.com"},{"name":"Aaron Heckmann","email":"aaron.heckmann+github@gmail.com"},{"name":"Ciaran Jessup","email":"ciaranj@gmail.com"},{"name":"Christoph Pojer"},{"name":"Erik Abele"},{"name":"Henrik Johansson","email":"dahankzter@gmail.com"}],"repository":{"type":"git","url":"git://github.com/christkv/node-mongodb-native.git"},"bugs":{"email":"node-mongodb-native@googlegroups.com","url":"http://github.com/christkv/node-mongodb-native/issues"},"os":["linux","darwin","freebsd"],"main":"./lib/mongodb/index","directories":{"lib":"./lib/mongodb"},"engines":{"node":">=0.4.0"},"scripts":{"install":"bash ./install.sh"},"licenses":[{"type":"Apache License, Version 2.0","url":"http://www.apache.org/licenses/LICENSE-2.0"}],"_id":"mongodb@0.9.3","_engineSupported":true,"_npmVersion":"0.3.9","_nodeVersion":"v0.4.6","files":[""],"_defaultsLoaded":true,"dist":{"shasum":"3249cd9aff86b37451cffdba73d26bdefbad06c3","tarball":"http://registry.npmjs.org/mongodb/-/mongodb-0.9.3.tgz","bin":{"0.4-sunos-5.11":{"shasum":"299d0cf9fc1df1f70c095d8eb83b60db6c9d4ca9","tarball":"http://registry.npmjs.org/mongodb/-/mongodb-0.9.3-0.4-sunos-5.11.tgz"}}}},"0.9.4":{"name":"mongodb","description":"A node.js driver for MongoDB","version":"0.9.4","author":{"name":"Christian Amor Kvalheim","email":"christkv@gmail.com"},"contributors":[{"name":"Nathan White","email":"nw@nwhite.net"},{"name":"Adam Wiggins","email":"adam@heroku.com"},{"name":"Ian Millington","email":"idmillington@googlemail.com"},{"name":"Aaron Heckmann","email":"aaron.heckmann+github@gmail.com"},{"name":"Ciaran Jessup","email":"ciaranj@gmail.com"},{"name":"Christoph Pojer"},{"name":"Erik Abele"},{"name":"Henrik Johansson","email":"dahankzter@gmail.com"}],"repository":{"type":"git","url":"git://github.com/christkv/node-mongodb-native.git"},"bugs":{"email":"node-mongodb-native@googlegroups.com","url":"http://github.com/christkv/node-mongodb-native/issues"},"os":["linux","darwin","freebsd"],"main":"./lib/mongodb/index","directories":{"lib":"./lib/mongodb"},"engines":{"node":">=0.4.0"},"scripts":{"install":"bash ./install.sh"},"licenses":[{"type":"Apache License, Version 2.0","url":"http://www.apache.org/licenses/LICENSE-2.0"}],"_id":"mongodb@0.9.4","_engineSupported":true,"_npmVersion":"0.3.9","_nodeVersion":"v0.4.6","files":[""],"_defaultsLoaded":true,"dist":{"shasum":"05f710f3c9e0186ee63ed30f70e21d18fb069a76","tarball":"http://registry.npmjs.org/mongodb/-/mongodb-0.9.4.tgz"}},"0.9.4-3":{"name":"mongodb","description":"A node.js driver for MongoDB","version":"0.9.4-3","author":{"name":"Christian Amor Kvalheim","email":"christkv@gmail.com"},"contributors":[{"name":"Nathan White","email":"nw@nwhite.net"},{"name":"Adam Wiggins","email":"adam@heroku.com"},{"name":"Ian Millington","email":"idmillington@googlemail.com"},{"name":"Aaron Heckmann","email":"aaron.heckmann+github@gmail.com"},{"name":"Ciaran Jessup","email":"ciaranj@gmail.com"},{"name":"Christoph Pojer"},{"name":"Erik Abele"},{"name":"Henrik Johansson","email":"dahankzter@gma
silly chunk il.com"}],"repository":{"type":"git","url":"git://github.com/christkv/node-mongodb-native.git"},"bugs":{"email":"node-mongodb-native@googlegroups.com","url":"http://github.com/christkv/node-mongodb-native/issues"},"os":["linux","darwin","freebsd"],"main":"./lib/mongodb/index","directories":{"lib":"./lib/mongodb"},"engines":{"node":">=0.4.0"},"scripts":{"install":"bash ./install.sh"},"licenses":[{"type":"Apache License, Version 2.0","url":"http://www.apache.org/licenses/LICENSE-2.0"}],"dependencies":{},"devDependencies":{},"_id":"mongodb@0.9.4-3","_engineSupported":true,"_npmVersion":"1.0.3","_nodeVersion":"v0.4.7","_defaultsLoaded":true,"dist":{"shasum":"56236dcd8f5d57d497ef40172e9a745067f5149d","bin":{"0.4-ares1.7.4-ev4.4-openssl0.9.8l-v83.1.8.10-darwin-10.7.0":{"shasum":"2a0759438c343d210d8775e7005be4e56a6e6ec0","tarball":"http://registry.npmjs.org/mongodb/-/mongodb-0.9.4-3-0.4-ares1.7.4-ev4.4-openssl0.9.8l-v83.1.8.10-darwin-10.7.0.tgz"}},"tarball":"http://registry.npmjs.org/mongodb/-/mongodb-0.9.4-3.tgz"}},"0.9.4-4":{"name":"mongodb","description":"A node.js driver for MongoDB","version":"0.9.4-4","author":{"name":"Christian Amor Kvalheim","email":"christkv@gmail.com"},"contributors":[{"name":"Nathan White","email":"nw@nwhite.net"},{"name":"Adam Wiggins","email":"adam@heroku.com"},{"name":"Ian Millington","email":"idmillington@googlemail.com"},{"name":"Aaron Heckmann","email":"aaron.heckmann+github@gmail.com"},{"name":"Ciaran Jessup","email":"ciaranj@gmail.com"},{"name":"Christoph Pojer"},{"name":"Erik Abele"},{"name":"Henrik Johansson","email":"dahankzter@gmail.com"}],"repository":{"type":"git","url":"git://github.com/christkv/node-mongodb-native.git"},"bugs":{"email":"node-mongodb-native@googlegroups.com","url":"http://github.com/christkv/node-mongodb-native/issues"},"os":["linux","darwin","freebsd"],"main":"./lib/mongodb/index","directories":{"lib":"./lib/mongodb"},"engines":{"node":">=0.4.0"},"scripts":{"install":"bash ./install.sh"},"licenses":[{"type":"Apache License, Version 2.0","url":"http://www.apache.org/licenses/LICENSE-2.0"}],"dependencies":{},"devDependencies":{},"_id":"mongodb@0.9.4-4","_engineSupported":true,"_npmVersion":"1.0.6","_nodeVersion":"v0.4.8","_defaultsLoaded":true,"dist":{"shasum":"da14ec84865297ca9ed4dc5dc2b56603462f1a01","bin":{"0.4-ares1.7.4-ev4.4-openssl0.9.8l-v83.1.8.16-darwin-10.7.0":{"shasum":"7938b14f3eec3036cedca779670e8f155fd32e23","tarball":"http://registry.npmjs.org/mongodb/-/mongodb-0.9.4-4-0.4-ares1.7.4-ev4.4-openssl0.9.8l-v83.1.8.16-darwin-10.7.0.tgz"}},"tarball":"http://registry.npmjs.org/mongodb/-/mongodb-0.9.4-4.tgz"}},"0.9.4-5":{"name":"mongodb","description":"A node.js driver for MongoDB","version":"0.9.4-5","author":{"name":"Christian Amor Kvalheim","email":"christkv@gmail.com"},"contributors":[{"name":"Nathan White","email":"nw@nwhite.net"},{"name":"Adam Wiggins","email":"adam@heroku.com"},{"name":"Ian Millington","email":"idmillington@googlemail.com"},{"name":"Aaron Heckmann","email":"aaron.heckmann+github@gmail.com"},{"name":"Ciaran Jessup","email":"ciaranj@gmail.com"},{"name":"Christoph Pojer"},{"name":"Erik Abele"},{"name":"Henrik Johansson","email":"dahankzter@gmail.com"}],"repository":{"type":"git","url":"git://github.com/christkv/node-mongodb-native.git"},"bugs":{"email":"node-mongodb-native@googlegroups.com","url":"http://github.com/christkv/node-mongodb-native/issues"},"os":["linux","darwin","freebsd"],"main":"./lib/mongodb/index","directories":{"lib":"./lib/mongodb"},"engines":{"node":">=0.4.0"},"scripts":{"install":"bash ./install.sh"},"licenses":[{"type":"Apache License, Version 2.0","url":"http://www.apache.org/licenses/LICENSE-2.0"}],"dependencies":{},"devDependencies":{},"_id":"mongodb@0.9.4-5","_engineSupported":true,"_npmVersion":"1.0.6","_nodeVersion":"v0.4.8","_defaultsLoaded":true,"dist":{"shasum":"33f87026616f0bf46f1c1f77b0dadfa247377ecb","bin":{"0.4-ares1.7.4-ev4.4-openssl0.9.8l-v83.1.8.16-darwin-10.7.0":{"shasum":"a3fc0c13e6cbfc19a4f8f8e519c2971b85c1a0a0","tarball":"http://registry.npmjs.org/mongodb/-/mongodb-0.9.4-5-0.4-ares1.7.4-ev4.4-openssl0.9.8l-v83.1.8.16-darwin-10.7.0.tgz"}},"tarball":"http://registry.npmjs.org/mongodb/-/mongodb-0.9.4-5.tgz"}}},"maintainers":[{"name":"christkv","email":"christkv@gmail.com"}],"author":{"name":"Christian Amor Kvalheim","email":"christkv@gmail.com"},"repository":{"type":"git","url":"git://github.com/christkv/node-mongodb-native.git"},"time":{"0.7.9":"2011-02-27T12:47:33.729Z","0.9.0":"2011-02-27T12:47:33.729Z","0.9.1":"2011-03-01T18:16:37.495Z","0.9.2":"2011-03-23T12:42:58.369Z","0.9.3":"2011-04-15T14:26:50.897Z","0.9.4":"2011-04-29T19:10:30.115Z","0.9.4-3":"2011-05-10T12:39:06.478Z","0.9.4-4":"2011-05-24T21:05:36.693Z","0.9.4-5":"2011-05-25T15:29:42.507Z"}}
silly get cb [ 200,
silly get cb   { vary: 'Accept',
silly get cb     server: 'CouchDB/1.1.0 (Erlang OTP/R14B)',
silly get cb     etag: '"9X9G7DXVXQK12JGSAFPW7VWCY"',
silly get cb     date: 'Sat, 18 Jun 2011 22:28:34 GMT',
silly get cb     'content-type': 'application/json',
silly get cb     'content-length': '13518' } ]
verbose mkdir done: /home/ide_eboudrant/workspaces/npm_cache/mongodb
verbose GET mongodb/0.9.4-5
verbose raw, before any munging mongodb/0.9.4-5
verbose url resolving [ 'http://registry.npmjs.org/', './mongodb/0.9.4-5' ]
verbose url resolved http://registry.npmjs.org/mongodb/0.9.4-5
verbose url parsed { protocol: 'http:',
verbose url parsed   slashes: true,
verbose url parsed   host: 'registry.npmjs.org',
verbose url parsed   hostname: 'registry.npmjs.org',
verbose url parsed   pathname: '/mongodb/0.9.4-5',
verbose url parsed   href: 'http://registry.npmjs.org/mongodb/0.9.4-5' }
verbose response http://registry.npmjs.org/mongodb/0.9.4-5
silly chunk {"name":"mongodb","description":"A node.js driver for MongoDB","version":"0.9.4-5","author":{"name":"Christian Amor Kvalheim","email":"christkv@gmail.com"},"contributors":[{"name":"Nathan White","email":"nw@nwhite.net"},{"name":"Adam Wiggins","email":"adam@heroku.com"},{"name":"Ian Millington","email":"idmillington@googlemail.com"},{"name":"Aaron Heckmann","email":"aaron.heckmann+github@gmail.com"},{"name":"Ciaran Jessup","email":"ciaranj@gmail.com"},{"name":"Christoph Pojer"},{"name":"Erik Abele"},{"name":"Henrik Johansson","email":"dahankzter@gmail.com"}],"repository":{"type":"git","url":"git://github.com/christkv/node-mongodb-native.git"},"bugs":{"email":"node-mongodb-native@googlegroups.com","url":"http://github.com/christkv/node-mongodb-native/issues"},"os":["linux","darwin","freebsd"],"main":"./lib/mongodb/index","directories":{"lib":"./lib/mongodb"},"engines":{"node":">=0.4.0"},"scripts":{"install":"bash ./install.sh"},"licenses":[{"type":"Apache License, Version 2.0","url":"http://www.apache.org/licenses/LICENSE-2.0"}],"dependencies":{},"devDependencies":{},"_id":"mongodb@0.9.4-5","_engineSupported":true,"_npmVersion":"1.0.6","_nodeVersion":"v0.4.8","_defaultsLoaded":true,"dist":{"shasum":"33f87026616f0bf46f1c1f77b0dadfa247377ecb","bin":{"0.4-ares1.7.4-ev4.4-openssl0.9.8l-v83.1.8.16-darwin-10.7.0":{"shasum":"a3fc0c13e6cbfc19a4f8f8e519c2971b85c1a0a0","tarball":"http://registry.npmjs.org/mongodb/-/mongodb-0.9.4-5-0.4-ares1.7.4-ev4
silly chunk .4-openssl0.9.8l-v83.1.8.16-darwin-10.7.0.tgz"}},"tarball":"http://registry.npmjs.org/mongodb/-/mongodb-0.9.4-5.tgz"}}
silly get cb [ 200,
silly get cb   { vary: 'Accept',
silly get cb     server: 'CouchDB/1.1.0 (Erlang OTP/R14B)',
silly get cb     etag: '"9X9G7DXVXQK12JGSAFPW7VWCY"',
silly get cb     date: 'Sat, 18 Jun 2011 22:28:34 GMT',
silly get cb     'content-type': 'application/json',
silly get cb     'content-length': '1578' } ]
verbose mkdir done: /home/ide_eboudrant/workspaces/npm_cache/mongodb/0.9.4-5
verbose bin dist [ '0.4-sunos-5.11',
verbose bin dist   { shasum: '33f87026616f0bf46f1c1f77b0dadfa247377ecb',
verbose bin dist     bin: 
verbose bin dist      { '0.4-ares1.7.4-ev4.4-openssl0.9.8l-v83.1.8.16-darwin-10.7.0': 
verbose bin dist         { shasum: 'a3fc0c13e6cbfc19a4f8f8e519c2971b85c1a0a0',
verbose bin dist           tarball: 'http://registry.npmjs.org/mongodb/-/mongodb-0.9.4-5-0.4-ares1.7.4-ev4.4-openssl0.9.8l-v83.1.8.16-darwin-10.7.0.tgz' } },
verbose bin dist     tarball: 'http://registry.npmjs.org/mongodb/-/mongodb-0.9.4-5.tgz' } ]
verbose addRemoteTarball [ 'http://registry.npmjs.org/mongodb/-/mongodb-0.9.4-5.tgz',
verbose addRemoteTarball   '33f87026616f0bf46f1c1f77b0dadfa247377ecb' ]
verbose mkdir done: /tmp/npm-1308436114620/1308436114620-0.2111935776192695
info fetch http://registry.npmjs.org/mongodb/-/mongodb-0.9.4-5.tgz
verbose fetch to /tmp/npm-1308436114620/1308436114620-0.2111935776192695/tmp.tgz
silly updated sha bytes 40960
silly updated sha bytes 40960
silly updated sha bytes 40960
silly updated sha bytes 40960
silly updated sha bytes 40960
silly updated sha bytes 40960
silly updated sha bytes 40960
silly updated sha bytes 40960
silly updated sha bytes 213
info shasum 33f87026616f0bf46f1c1f77b0dadfa247377ecb
info shasum /tmp/npm-1308436114620/1308436114620-0.2111935776192695/tmp.tgz
verbose mkdir done: /tmp/npm-1308436114620/1308436114620-0.2111935776192695/contents/___package.npm
verbose unpack_ uid, gid [ undefined, undefined ]
verbose unpackTarget /tmp/npm-1308436114620/1308436114620-0.2111935776192695/contents/package
verbose success gzip "--decompress" "--stdout" "/tmp/npm-1308436114620/1308436114620-0.2111935776192695/tmp.tgz"
verbose success /opt/local/bin/gtar "-mvxpf" "-" "--no-same-owner" "-C" "/tmp/npm-1308436114620/1308436114620-0.2111935776192695/contents/___package.npm"
verbose gunzed /tmp/npm-1308436114620/1308436114620-0.2111935776192695/contents/___package.npm/package
verbose rm'ed /tmp/npm-1308436114620/1308436114620-0.2111935776192695/contents/package
verbose renamed [ '/tmp/npm-1308436114620/1308436114620-0.2111935776192695/contents/___package.npm/package',
verbose renamed   '/tmp/npm-1308436114620/1308436114620-0.2111935776192695/contents/package' ]
verbose rm'ed /tmp/npm-1308436114620/1308436114620-0.2111935776192695/contents/___package.npm
silly testEngine { name: 'mongodb',
silly testEngine   description: 'A node.js driver for MongoDB',
silly testEngine   version: '0.9.4-5',
silly testEngine   author: 
silly testEngine    { name: 'Christian Amor Kvalheim',
silly testEngine      email: 'christkv@gmail.com' },
silly testEngine   contributors: 
silly testEngine    [ { name: 'Nathan White', email: 'nw@nwhite.net' },
silly testEngine      { name: 'Adam Wiggins', email: 'adam@heroku.com' },
silly testEngine      { name: 'Ian Millington',
silly testEngine        email: 'idmillington@googlemail.com' },
silly testEngine      { name: 'Aaron Heckmann',
silly testEngine        email: 'aaron.heckmann+github@gmail.com' },
silly testEngine      { name: 'Ciaran Jessup', email: 'ciaranj@gmail.com' },
silly testEngine      { name: 'Christoph Pojer' },
silly testEngine      { name: 'Erik Abele' },
silly testEngine      { name: 'Henrik Johansson',
silly testEngine        email: 'dahankzter@gmail.com' } ],
silly testEngine   repository: 
silly testEngine    { type: 'git',
silly testEngine      url: 'git://github.com/christkv/node-mongodb-native.git' },
silly testEngine   bugs: 
silly testEngine    { email: 'node-mongodb-native@googlegroups.com',
silly testEngine      url: 'http://github.com/christkv/node-mongodb-native/issues' },
silly testEngine   os: [ 'linux', 'darwin', 'freebsd' ],
silly testEngine   main: './lib/mongodb/index',
silly testEngine   directories: { lib: './lib/mongodb' },
silly testEngine   engines: { node: '>=0.4.0' },
silly testEngine   scripts: { install: 'bash ./install.sh' },
silly testEngine   licenses: 
silly testEngine    [ { type: 'Apache License, Version 2.0',
silly testEngine        url: 'http://www.apache.org/licenses/LICENSE-2.0' } ],
silly testEngine   dependencies: {},
silly testEngine   devDependencies: {},
silly testEngine   _id: 'mongodb@0.9.4-5',
silly testEngine   _engineSupported: true,
silly testEngine   _npmVersion: '1.0.1rc6',
silly testEngine   _nodeVersion: 'v0.4.5',
silly testEngine   _defaultsLoaded: true,
silly testEngine   path: '/tmp/npm-1308436114620/1308436114620-0.2111935776192695/contents/package' }
verbose caching /tmp/npm-1308436114620/1308436114620-0.2111935776192695/contents/package/package.json
verbose loadDefaults mongodb@0.9.4-5
verbose tarball contents [ 'package' ]
verbose from cache /tmp/npm-1308436114620/1308436114620-0.2111935776192695/contents/package/package.json
verbose pack /tmp/npm-1308436114620/1308436114620-0.2111935776192695/contents/package /home/ide_eboudrant/workspaces/npm_cache/mongodb/0.9.4-5/package.tgz
verbose from cache /tmp/npm-1308436114620/1308436114620-0.2111935776192695/contents/package/package.json
silly testEngine { name: 'step',
silly testEngine   version: '0.0.4',
silly testEngine   description: 'A simple control-flow library for node.JS that makes parallel execution, serial execution, and error handling painless.',
silly testEngine   engine: [ 'node >=0.2.0' ],
silly testEngine   author: { name: 'Tim Caswell', email: 'tim@creationix.com' },
silly testEngine   repository: 
silly testEngine    { type: 'git',
silly testEngine      url: 'git://github.com/creationix/step.git' },
silly testEngine   main: 'lib/step',
silly testEngine   dependencies: {},
silly testEngine   devDependencies: {},
silly testEngine   _id: 'step@0.0.4',
silly testEngine   engines: { node: '*' },
silly testEngine   _engineSupported: true,
silly testEngine   _npmVersion: '1.0.1rc6',
silly testEngine   _nodeVersion: 'v0.4.5',
silly testEngine   _defaultsLoaded: true,
silly testEngine   path: '/tmp/npm-1308436114620/1308436114620-0.2111935776192695/contents/package/deps/step' }
verbose caching /tmp/npm-1308436114620/1308436114620-0.2111935776192695/contents/package/deps/step/package.json
verbose loadDefaults step@0.0.4
silly testEngine { name: 'nodeunit',
silly testEngine   description: 'Easy unit testing for node.js and the browser.',
silly testEngine   maintainers: 
silly testEngine    [ { name: 'Caolan McMahon',
silly testEngine        url: 'https://github.com/caolan' } ],
silly testEngine   contributors: 
silly testEngine    [ { name: 'Alex Gorbatchev',
silly testEngine        url: 'https://github.com/alexgorbatchev' },
silly testEngine      { name: 'Alex Wolfe',
silly testEngine        url: 'https://github.com/alexkwolfe' },
silly testEngine      { name: 'Carl Fürstenberg',
silly testEngine        url: 'https://github.com/azatoth' },
silly testEngine      { name: 'Gerad Suyderhoud',
silly testEngine        url: 'https://github.com/gerad' },
silly testEngine      { name: 'Kadir Pekel',
silly testEngine        url: 'https://github.com/coffeemate' },
silly testEngine      { name: 'Oleg Efimov',
silly testEngine        url: 'https://github.com/Sannis' },
silly testEngine      { name: 'Orlando Vazquez',
silly testEngine        url: 'https://github.com/orlandov' },
silly testEngine      { name: 'Ryan Dahl', url: 'https://github.com/ry' },
silly testEngine      { name: 'Sam Stephenson',
silly testEngine        url: 'https://github.com/sstephenson' },
silly testEngine      { name: 'Thomas Mayfield',
silly testEngine        url: 'https://github.com/thegreatape' } ],
silly testEngine   version: '0.5.1',
silly testEngine   repository: 
silly testEngine    { type: 'git',
silly testEngine      url: 'git://github.com/caolan/nodeunit.git' },
silly testEngine   bugs: { url: 'http://github.com/caolan/nodeunit/issues' },
silly testEngine   licenses: 
silly testEngine    [ { type: 'MIT',
silly testEngine        url: 'http://github.com/caolan/nodeunit/raw/master/LICENSE' } ],
silly testEngine   directories: { lib: './lib', doc: './doc', man: './man1' },
silly testEngine   bin: { nodeunit: './bin/nodeunit' },
silly testEngine   dependencies: {},
silly testEngine   devDependencies: {},
silly testEngine   _id: 'nodeunit@0.5.1',
silly testEngine   engines: { node: '*' },
silly testEngine   _engineSupported: true,
silly testEngine   _npmVersion: '1.0.1rc6',
silly testEngine   _nodeVersion: 'v0.4.5',
silly testEngine   _defaultsLoaded: true,
silly testEngine   man: [ 'man1/nodeunit.1' ],
silly testEngine   path: '/tmp/npm-1308436114620/1308436114620-0.2111935776192695/contents/package/deps/nodeunit' }
verbose caching /tmp/npm-1308436114620/1308436114620-0.2111935776192695/contents/package/deps/nodeunit/package.json
verbose loadDefaults nodeunit@0.5.1
verbose mkdir'ed /home/ide_eboudrant/workspaces/npm_cache/mongodb/0.9.4-5
verbose tar about to write tar and gzip it.
silly tar args [ '-cvf',
silly tar args   '-',
silly tar args   'package/.gitignore',
silly tar args   'package/HISTORY',
silly tar args   'package/index.js',
silly tar args   'package/install.sh',
silly tar args   'package/Makefile',
silly tar args   'package/package.json',
silly tar args   'package/Readme.md',
silly tar args   'package/benchmark/grid_fs_write_benchmark.js',
silly tar args   'package/benchmark/streaming_benchmark.js',
silly tar args   'package/docs/collections.md',
silly tar args   'package/docs/database.md',
silly tar args   'package/docs/gridfs.md',
silly tar args   'package/docs/indexes.md',
silly tar args   'package/docs/insert.md',
silly tar args   'package/docs/queries.md',
silly tar args   'package/docs/README.md',
silly tar args   'package/docs/replicaset.md',
silly tar args   'package/examples/admin.js',
silly tar args   'package/examples/blog.js',
silly tar args   'package/examples/capped.js',
silly tar args   'package/examples/cursor.js',
silly tar args   'package/examples/gridfs.js',
silly tar args   'package/examples/index_test.js',
silly tar args   'package/examples/info.js',
silly tar args   'package/examples/oplog.js',
silly tar args   'package/examples/queries.js',
silly tar args   'package/examples/replSetServersQueries.js',
silly tar args   'package/examples/replSetServersSimple.js',
silly tar args   'package/examples/simple.js',
silly tar args   'package/examples/strict.js',
silly tar args   'package/examples/types.js',
silly tar args   'package/examples/url.js',
silly tar args   'package/tools/test_all.js',
silly tar args   'package/test/admin_test.js',
silly tar args   'package/test/authentication_test.js',
silly tar args   'package/test/collection_test.js',
silly tar args   'package/test/cursor_test.js',
silly tar args   'package/test/custom_pk_test.js',
silly tar args   'package/test/db_test.js',
silly tar args   'package/test/error_test.js',
silly tar args   'package/test/find_test.js',
silly tar args   'package/test/index_test.js',
silly tar args   'package/test/insert_test.js',
silly tar args   'package/test/map_reduce_test.js',
silly tar args   'package/test/objectid_test.js',
silly tar args   'package/test/regexp_test.js',
silly tar args   'package/test/remove_test.js',
silly tar args   'package/test/streaming_test.js',
silly tar args   'package/test/unicode_test.js',
silly tar args   'package/test/bson/bson_test.js',
silly tar args   'package/test/bson/commands_test.js',
silly tar args   'package/test/gridstore/grid_store_file_test.js',
silly tar args   'package/test/gridstore/grid_store_stream_test.js',
silly tar args   'package/test/gridstore/grid_store_test.js',
silly tar args   'package/test/gridstore/test_gs_weird_bug.png',
silly tar args   'package/test/gridstore/test_gs_working_field_read.pdf',
silly tar args   'package/test/replicaset/connect_test.js',
silly tar args   'package/test/replicaset/count_test.js',
silly tar args   'package/test/replicaset/insert_test.js',
silly tar args   'package/test/replicaset/query_secondaries_test.js',
silly tar args   'package/test/tools/replica_set_manager.js',
silly tar args   'package/test/tools/server_manager.js',
silly tar args   'package/external-libs/bson/.gitignore',
silly tar args   'package/external-libs/bson/binary.cc',
silly tar args   'package/external-libs/bson/binary.h',
silly tar args   'package/external-libs/bson/bson.cc',
silly tar args   'package/external-libs/bson/bson.h',
silly tar args   'package/external-libs/bson/code.cc',
silly tar args   'package/external-libs/bson/code.h',
silly tar args   'package/external-libs/bson/dbref.cc',
silly tar args   'package/external-libs/bson/dbref.h',
silly tar args   'package/external-libs/bson/index.js',
silly tar args   'package/external-libs/bson/local.cc',
silly tar args   'package/external-libs/bson/local.h',
silly tar args   'package/external-libs/bson/long.cc',
silly tar args   'package/external-libs/bson/long.h',
silly tar args   'package/external-libs/bson/Makefile',
silly tar args   'package/external-libs/bson/objectid.cc',
silly tar args   'package/external-libs/bson/objectid.h',
silly tar args   'package/external-libs/bson/test_bson.js',
silly tar args   'package/external-libs/bson/test_full_bson.js',
silly tar args   'package/external-libs/bson/timestamp.cc',
silly tar args   'package/external-libs/bson/timestamp.h',
silly tar args   'package/external-libs/bson/wscript',
silly tar args   'package/lib/mongodb/admin.js',
silly tar args   'package/lib/mongodb/collection.js',
silly tar args   'package/lib/mongodb/connection.js',
silly tar args   'package/lib/mongodb/cursor.js',
silly tar args   'package/lib/mongodb/db.js',
silly tar args   'package/lib/mongodb/index.js',
silly tar args   'package/lib/mongodb/bson/binary.js',
silly tar args   'package/lib/mongodb/bson/binary_parser.js',
silly tar args   'package/lib/mongodb/bson/bson.js',
silly tar args   'package/lib/mongodb/bson/objectid.js',
silly tar args   'package/lib/mongodb/commands/base_command.js',
silly tar args   'package/lib/mongodb/commands/db_command.js',
silly tar args   'package/lib/mongodb/commands/delete_command.js',
silly tar args   'package/lib/mongodb/commands/get_more_command.js',
silly tar args   'package/lib/mongodb/commands/insert_command.js',
silly tar args   'package/lib/mongodb/commands/kill_cursor_command.js',
silly tar args   'package/lib/mongodb/commands/query_command.js',
silly tar args   'package/lib/mongodb/commands/update_command.js',
silly tar args   'package/lib/mongodb/connections/repl_set_servers.js',
silly tar args   'package/lib/mongodb/connections/server.js',
silly tar args   'package/lib/mongodb/connections/server_cluster.js',
silly tar args   'package/lib/mongodb/connections/server_pair.js',
silly tar args   'package/lib/mongodb/crypto/md5.js',
silly tar args   'package/lib/mongodb/gridfs/chunk.js',
silly tar args   'package/lib/mongodb/gridfs/gridstore.js',
silly tar args   'package/lib/mongodb/responses/mongo_reply.js',
silly tar args   'package/lib/mongodb/goog/math/long.js',
silly tar args   'package/deps/step/package.json',
silly tar args   'package/deps/step/README.markdown',
silly tar args   'package/deps/step/lib/step.js',
silly tar args   'package/deps/step/test/callbackTest.js',
silly tar args   'package/deps/step/test/errorTest.js',
silly tar args   'package/deps/step/test/fnTest.js',
silly tar args   'package/deps/step/test/groupTest.js',
silly tar args   'package/deps/step/test/helper.js',
silly tar args   'package/deps/step/test/parallelTest.js',
silly tar args   'package/deps/nodeunit/.npmignore',
silly tar args   'package/deps/nodeunit/CONTRIBUTORS.md',
silly tar args   'package/deps/nodeunit/index.js',
silly tar args   'package/deps/nodeunit/LICENSE',
silly tar args   'package/deps/nodeunit/Makefile',
silly tar args   'package/deps/nodeunit/nodelint.cfg',
silly tar args   'package/deps/nodeunit/package.json',
silly tar args   'package/deps/nodeunit/README.md',
silly tar args   'package/deps/nodeunit/bin/nodeunit',
silly tar args   'package/deps/nodeunit/bin/nodeunit.json',
silly tar args   'package/deps/nodeunit/deps/async.js',
silly tar args   'package/deps/nodeunit/deps/ejs.js',
silly tar args   'package/deps/nodeunit/deps/json2.js',
silly tar args   'package/deps/nodeunit/doc/nodeunit.md',
silly tar args   'package/deps/nodeunit/img/example_fail.png',
silly tar args   'package/deps/nodeunit/img/example_pass.png',
silly tar args   'package/deps/nodeunit/man1/nodeunit.1',
silly tar args   'package/deps/nodeunit/share/junit.xml.ejs',
silly tar args   'package/deps/nodeunit/share/license.js',
silly tar args   'package/deps/nodeunit/share/nodeunit.css',
silly tar args   'package/deps/nodeunit/examples/browser/nodeunit.js',
silly tar args   'package/deps/nodeunit/examples/browser/suite1.js',
silly tar args   'package/deps/nodeunit/examples/browser/suite2.js',
silly tar args   'package/deps/nodeunit/examples/browser/test.html',
silly tar args   'package/deps/nodeunit/lib/assert.js',
silly tar args   'package/deps/nodeunit/lib/core.js',
silly tar args   'package/deps/nodeunit/lib/nodeunit.js',
silly tar args   'package/deps/nodeunit/lib/track.js',
silly tar args   'package/deps/nodeunit/lib/types.js',
silly tar args   'package/deps/nodeunit/lib/utils.js',
silly tar args   'package/deps/nodeunit/lib/reporters/browser.js',
silly tar args   'package/deps/nodeunit/lib/reporters/default.js',
silly tar args   'package/deps/nodeunit/lib/reporters/html.js',
silly tar args   'package/deps/nodeunit/lib/reporters/index.js',
silly tar args   'package/deps/nodeunit/lib/reporters/junit.js',
silly tar args   'package/deps/nodeunit/lib/reporters/minimal.js',
silly tar args   'package/deps/nodeunit/lib/reporters/skip_passed.js',
silly tar args   'package/deps/nodeunit/test/test-base.js',
silly tar args   'package/deps/nodeunit/test/test-failing-callbacks.js',
silly tar args   'package/deps/nodeunit/test/test-httputil.js',
silly tar args   'package/deps/nodeunit/test/test-runfiles.js',
silly tar args   'package/deps/nodeunit/test/test-runmodule.js',
silly tar args   'package/deps/nodeunit/test/test-runtest.js',
silly tar args   'package/deps/nodeunit/test/test-sandbox.js',
silly tar args   'package/deps/nodeunit/test/test-testcase.js',
silly tar args   'package/deps/nodeunit/test/test.html',
silly tar args   'package/deps/nodeunit/test/fixtures/mock_module1.js',
silly tar args   'package/deps/nodeunit/test/fixtures/mock_module2.js',
silly tar args   'package/deps/nodeunit/test/fixtures/raw_jscode1.js',
silly tar args   'package/deps/nodeunit/test/fixtures/raw_jscode2.js',
silly tar args   'package/deps/nodeunit/test/fixtures/raw_jscode3.js',
silly tar args   'package/deps/nodeunit/test/fixtures/coffee/mock_coffee_module.coffee',
silly tar args   'package/deps/nodeunit/test/fixtures/dir/mock_module3.js',
silly tar args   'package/deps/nodeunit/test/fixtures/dir/mock_module4.js' ]
verbose success tar -cvf - <file list elided>
verbose success gzip "--stdout"
verbose mkdir done: /home/ide_eboudrant/workspaces/npm_cache/mongodb/0.9.4-5/___package.npm
verbose unpack_ uid, gid [ undefined, undefined ]
verbose unpackTarget /home/ide_eboudrant/workspaces/npm_cache/mongodb/0.9.4-5/package
verbose success gzip "--decompress" "--stdout" "/home/ide_eboudrant/workspaces/npm_cache/mongodb/0.9.4-5/package.tgz"
verbose success /opt/local/bin/gtar "-mvxpf" "-" "--no-same-owner" "-C" "/home/ide_eboudrant/workspaces/npm_cache/mongodb/0.9.4-5/___package.npm"
verbose gunzed /home/ide_eboudrant/workspaces/npm_cache/mongodb/0.9.4-5/___package.npm/package
verbose rm'ed /home/ide_eboudrant/workspaces/npm_cache/mongodb/0.9.4-5/package
verbose renamed [ '/home/ide_eboudrant/workspaces/npm_cache/mongodb/0.9.4-5/___package.npm/package',
verbose renamed   '/home/ide_eboudrant/workspaces/npm_cache/mongodb/0.9.4-5/package' ]
verbose rm'ed /home/ide_eboudrant/workspaces/npm_cache/mongodb/0.9.4-5/___package.npm
silly testEngine { name: 'mongodb',
silly testEngine   description: 'A node.js driver for MongoDB',
silly testEngine   version: '0.9.4-5',
silly testEngine   author: 
silly testEngine    { name: 'Christian Amor Kvalheim',
silly testEngine      email: 'christkv@gmail.com' },
silly testEngine   contributors: 
silly testEngine    [ { name: 'Nathan White', email: 'nw@nwhite.net' },
silly testEngine      { name: 'Adam Wiggins', email: 'adam@heroku.com' },
silly testEngine      { name: 'Ian Millington',
silly testEngine        email: 'idmillington@googlemail.com' },
silly testEngine      { name: 'Aaron Heckmann',
silly testEngine        email: 'aaron.heckmann+github@gmail.com' },
silly testEngine      { name: 'Ciaran Jessup', email: 'ciaranj@gmail.com' },
silly testEngine      { name: 'Christoph Pojer' },
silly testEngine      { name: 'Erik Abele' },
silly testEngine      { name: 'Henrik Johansson',
silly testEngine        email: 'dahankzter@gmail.com' } ],
silly testEngine   repository: 
silly testEngine    { type: 'git',
silly testEngine      url: 'git://github.com/christkv/node-mongodb-native.git' },
silly testEngine   bugs: 
silly testEngine    { email: 'node-mongodb-native@googlegroups.com',
silly testEngine      url: 'http://github.com/christkv/node-mongodb-native/issues' },
silly testEngine   os: [ 'linux', 'darwin', 'freebsd' ],
silly testEngine   main: './lib/mongodb/index',
silly testEngine   directories: { lib: './lib/mongodb' },
silly testEngine   engines: { node: '>=0.4.0' },
silly testEngine   scripts: { install: 'bash ./install.sh' },
silly testEngine   licenses: 
silly testEngine    [ { type: 'Apache License, Version 2.0',
silly testEngine        url: 'http://www.apache.org/licenses/LICENSE-2.0' } ],
silly testEngine   dependencies: {},
silly testEngine   devDependencies: {},
silly testEngine   _id: 'mongodb@0.9.4-5',
silly testEngine   _engineSupported: true,
silly testEngine   _npmVersion: '1.0.1rc6',
silly testEngine   _nodeVersion: 'v0.4.5',
silly testEngine   _defaultsLoaded: true,
silly testEngine   dist: { shasum: 'bb0468aeb791e52fc23351f1e980002e3472f1aa' } }
verbose caching /home/ide_eboudrant/workspaces/npm_cache/mongodb/0.9.4-5/package/package.json
verbose loadDefaults mongodb@0.9.4-5
silly updated sha bytes 40960
silly updated sha bytes 40960
silly updated sha bytes 40960
silly updated sha bytes 40960
silly updated sha bytes 40960
silly updated sha bytes 40960
silly updated sha bytes 40960
silly updated sha bytes 40960
silly updated sha bytes 173
info shasum bb0468aeb791e52fc23351f1e980002e3472f1aa
info shasum /home/ide_eboudrant/workspaces/npm_cache/mongodb/0.9.4-5/package.tgz
verbose from cache /home/ide_eboudrant/workspaces/npm_cache/mongodb/0.9.4-5/package/package.json
silly resolved [ { name: 'mongodb',
silly resolved     description: 'A node.js driver for MongoDB',
silly resolved     version: '0.9.4-5',
silly resolved     author: 
silly resolved      { name: 'Christian Amor Kvalheim',
silly resolved        email: 'christkv@gmail.com' },
silly resolved     contributors: 
silly resolved      [ { name: 'Nathan White', email: 'nw@nwhite.net' },
silly resolved        { name: 'Adam Wiggins', email: 'adam@heroku.com' },
silly resolved        { name: 'Ian Millington',
silly resolved          email: 'idmillington@googlemail.com' },
silly resolved        { name: 'Aaron Heckmann',
silly resolved          email: 'aaron.heckmann+github@gmail.com' },
silly resolved        { name: 'Ciaran Jessup', email: 'ciaranj@gmail.com' },
silly resolved        { name: 'Christoph Pojer' },
silly resolved        { name: 'Erik Abele' },
silly resolved        { name: 'Henrik Johansson',
silly resolved          email: 'dahankzter@gmail.com' } ],
silly resolved     repository: 
silly resolved      { type: 'git',
silly resolved        url: 'git://github.com/christkv/node-mongodb-native.git' },
silly resolved     bugs: 
silly resolved      { email: 'node-mongodb-native@googlegroups.com',
silly resolved        url: 'http://github.com/christkv/node-mongodb-native/issues' },
silly resolved     os: [ 'linux', 'darwin', 'freebsd' ],
silly resolved     main: './lib/mongodb/index',
silly resolved     directories: { lib: './lib/mongodb' },
silly resolved     engines: { node: '>=0.4.0' },
silly resolved     scripts: { install: 'bash ./install.sh' },
silly resolved     licenses: 
silly resolved      [ { type: 'Apache License, Version 2.0',
silly resolved          url: 'http://www.apache.org/licenses/LICENSE-2.0' } ],
silly resolved     dependencies: {},
silly resolved     devDependencies: {},
silly resolved     _id: 'mongodb@0.9.4-5',
silly resolved     _engineSupported: true,
silly resolved     _npmVersion: '1.0.1rc6',
silly resolved     _nodeVersion: 'v0.4.5',
silly resolved     _defaultsLoaded: true,
silly resolved     dist: { shasum: 'bb0468aeb791e52fc23351f1e980002e3472f1aa' } } ]
info (resolved) into /mnt/ws/users/eboudrant/47696 [ 'mongodb@0.9.4-5' ]
info installOne mongodb@0.9.4-5
silly testEngine { name: 'mongodb',
silly testEngine   description: 'A node.js driver for MongoDB',
silly testEngine   version: '0.9.4-5',
silly testEngine   author: 
silly testEngine    { name: 'Christian Amor Kvalheim',
silly testEngine      email: 'christkv@gmail.com' },
silly testEngine   contributors: 
silly testEngine    [ { name: 'Nathan White', email: 'nw@nwhite.net' },
silly testEngine      { name: 'Adam Wiggins', email: 'adam@heroku.com' },
silly testEngine      { name: 'Ian Millington',
silly testEngine        email: 'idmillington@googlemail.com' },
silly testEngine      { name: 'Aaron Heckmann',
silly testEngine        email: 'aaron.heckmann+github@gmail.com' },
silly testEngine      { name: 'Ciaran Jessup', email: 'ciaranj@gmail.com' },
silly testEngine      { name: 'Christoph Pojer' },
silly testEngine      { name: 'Erik Abele' },
silly testEngine      { name: 'Henrik Johansson',
silly testEngine        email: 'dahankzter@gmail.com' } ],
silly testEngine   repository: 
silly testEngine    { type: 'git',
silly testEngine      url: 'git://github.com/christkv/node-mongodb-native.git' },
silly testEngine   bugs: 
silly testEngine    { email: 'node-mongodb-native@googlegroups.com',
silly testEngine      url: 'http://github.com/christkv/node-mongodb-native/issues' },
silly testEngine   os: [ 'linux', 'darwin', 'freebsd' ],
silly testEngine   main: './lib/mongodb/index',
silly testEngine   directories: { lib: './lib/mongodb' },
silly testEngine   engines: { node: '>=0.4.0' },
silly testEngine   scripts: { install: 'bash ./install.sh' },
silly testEngine   licenses: 
silly testEngine    [ { type: 'Apache License, Version 2.0',
silly testEngine        url: 'http://www.apache.org/licenses/LICENSE-2.0' } ],
silly testEngine   dependencies: {},
silly testEngine   devDependencies: {},
silly testEngine   _id: 'mongodb@0.9.4-5',
silly testEngine   _engineSupported: true,
silly testEngine   _npmVersion: '1.0.1rc6',
silly testEngine   _nodeVersion: 'v0.4.5',
silly testEngine   _defaultsLoaded: true,
silly testEngine   dist: { shasum: 'bb0468aeb791e52fc23351f1e980002e3472f1aa' } }
verbose caching /home/ide_eboudrant/workspaces/npm_cache/mongodb/0.9.4-5/package.json
verbose mkdir done: /mnt/ws/users/eboudrant/47696/node_modules/___mongodb.npm
verbose unpack_ uid, gid [ undefined, undefined ]
verbose unpackTarget /mnt/ws/users/eboudrant/47696/node_modules/mongodb
verbose success gzip "--decompress" "--stdout" "/home/ide_eboudrant/workspaces/npm_cache/mongodb/0.9.4-5/package.tgz"
verbose success /opt/local/bin/gtar "-mvxpf" "-" "--no-same-owner" "-C" "/mnt/ws/users/eboudrant/47696/node_modules/___mongodb.npm"
verbose gunzed /mnt/ws/users/eboudrant/47696/node_modules/___mongodb.npm/package
verbose rm'ed /mnt/ws/users/eboudrant/47696/node_modules/mongodb
verbose renamed [ '/mnt/ws/users/eboudrant/47696/node_modules/___mongodb.npm/package',
verbose renamed   '/mnt/ws/users/eboudrant/47696/node_modules/mongodb' ]
verbose rm'ed /mnt/ws/users/eboudrant/47696/node_modules/___mongodb.npm
silly testEngine { name: 'mongodb',
silly testEngine   description: 'A node.js driver for MongoDB',
silly testEngine   version: '0.9.4-5',
silly testEngine   author: 
silly testEngine    { name: 'Christian Amor Kvalheim',
silly testEngine      email: 'christkv@gmail.com' },
silly testEngine   contributors: 
silly testEngine    [ { name: 'Nathan White', email: 'nw@nwhite.net' },
silly testEngine      { name: 'Adam Wiggins', email: 'adam@heroku.com' },
silly testEngine      { name: 'Ian Millington',
silly testEngine        email: 'idmillington@googlemail.com' },
silly testEngine      { name: 'Aaron Heckmann',
silly testEngine        email: 'aaron.heckmann+github@gmail.com' },
silly testEngine      { name: 'Ciaran Jessup', email: 'ciaranj@gmail.com' },
silly testEngine      { name: 'Christoph Pojer' },
silly testEngine      { name: 'Erik Abele' },
silly testEngine      { name: 'Henrik Johansson',
silly testEngine        email: 'dahankzter@gmail.com' } ],
silly testEngine   repository: 
silly testEngine    { type: 'git',
silly testEngine      url: 'git://github.com/christkv/node-mongodb-native.git' },
silly testEngine   bugs: 
silly testEngine    { email: 'node-mongodb-native@googlegroups.com',
silly testEngine      url: 'http://github.com/christkv/node-mongodb-native/issues' },
silly testEngine   os: [ 'linux', 'darwin', 'freebsd' ],
silly testEngine   main: './lib/mongodb/index',
silly testEngine   directories: { lib: './lib/mongodb' },
silly testEngine   engines: { node: '>=0.4.0' },
silly testEngine   scripts: { install: 'bash ./install.sh' },
silly testEngine   licenses: 
silly testEngine    [ { type: 'Apache License, Version 2.0',
silly testEngine        url: 'http://www.apache.org/licenses/LICENSE-2.0' } ],
silly testEngine   dependencies: {},
silly testEngine   devDependencies: {},
silly testEngine   _id: 'mongodb@0.9.4-5',
silly testEngine   _engineSupported: true,
silly testEngine   _npmVersion: '1.0.1rc6',
silly testEngine   _nodeVersion: 'v0.4.5',
silly testEngine   _defaultsLoaded: true }
verbose caching /mnt/ws/users/eboudrant/47696/node_modules/mongodb/package.json
verbose loadDefaults mongodb@0.9.4-5
info into /mnt/ws/users/eboudrant/47696/node_modules/mongodb []
silly resolved []
info (resolved) into /mnt/ws/users/eboudrant/47696/node_modules/mongodb []
verbose about to build /mnt/ws/users/eboudrant/47696/node_modules/mongodb
info build /mnt/ws/users/eboudrant/47696/node_modules/mongodb
verbose from cache /mnt/ws/users/eboudrant/47696/node_modules/mongodb/package.json
info preinstall mongodb@0.9.4-5
verbose linkStuff [ false,
verbose linkStuff   false,
verbose linkStuff   false,
verbose linkStuff   '/mnt/ws/users/eboudrant/47696/node_modules' ]
info linkStuff mongodb@0.9.4-5
info linkBins mongodb@0.9.4-5
info linkMans mongodb@0.9.4-5
info rebuildBundles mongodb@0.9.4-5
verbose rebuildBundles [ { stack: [Getter/Setter],
verbose rebuildBundles     arguments: undefined,
verbose rebuildBundles     type: undefined,
verbose rebuildBundles     message: 'ENOENT, No such file or directory',
verbose rebuildBundles     errno: 2,
verbose rebuildBundles     code: 'ENOENT' },
verbose rebuildBundles   undefined ]
info install mongodb@0.9.4-5
verbose unsafe-perm in lifecycle true
silly exec sh "-c" "bash ./install.sh"
info mongodb@0.9.4-5 Failed to exec install script
ERR! error installing mongodb@0.9.4-5 { stack: [Getter/Setter],
ERR! error installing mongodb@0.9.4-5   arguments: undefined,
ERR! error installing mongodb@0.9.4-5   type: undefined,
ERR! error installing mongodb@0.9.4-5   message: 'mongodb@0.9.4-5 install: `bash ./install.sh`\n`sh "-c" "bash ./install.sh"` failed with 2',
ERR! error installing mongodb@0.9.4-5   errno: {},
ERR! error installing mongodb@0.9.4-5   pkgid: 'mongodb@0.9.4-5',
ERR! error installing mongodb@0.9.4-5   stage: 'install',
ERR! error installing mongodb@0.9.4-5   script: 'bash ./install.sh',
ERR! error installing mongodb@0.9.4-5   pkgname: 'mongodb' }
verbose from cache /mnt/ws/users/eboudrant/47696/node_modules/mongodb/package.json
info preuninstall mongodb@0.9.4-5
info uninstall mongodb@0.9.4-5
info unbuild mongodb@0.9.4-5 [ false,
info unbuild mongodb@0.9.4-5   '/home/ide_eboudrant/workspaces/npm_global/node_modules',
info unbuild mongodb@0.9.4-5   '/mnt/ws/users/eboudrant/47696/node_modules' ]
info postuninstall mongodb@0.9.4-5
info installOne cb mongodb@0.9.4-5
ERR! mongodb@0.9.4-5 install: `bash ./install.sh`
ERR! `sh "-c" "bash ./install.sh"` failed with 2
ERR! 
ERR! Failed at the mongodb@0.9.4-5 install script.
ERR! This is most likely a problem with the mongodb package,
ERR! not with npm itself.
ERR! Tell the author that this fails on your system:
ERR!     bash ./install.sh
ERR! You can get their info via:
ERR!     npm owner ls mongodb
ERR! There is likely additional logging output above.
ERR! 
ERR! System SunOS 5.11
ERR! command "/home/cloud9/c9/support/node-c9-builds-v4/node-c9-sunos" "/home/ide_eboudrant/workspaces/npm/bin/npm.js" "install" "mongodb"
verbose exit [ 1, true ]
